This file contains any messages produced by compilers while
running configure, to aid debugging if configure makes a mistake.

It was created by configure, which was
generated by GNU Autoconf 2.52.20170501.  Invocation command line was

  $ ./configure 

## ---------- ##
## Platform.  ##
## ---------- ##

hostname = centos7localdev
uname -m = x86_64
uname -r = 3.10.0-862.11.6.el7.x86_64
uname -s = Linux
uname -v = #1 SMP Tue Aug 14 21:49:04 UTC 2018

/usr/bin/uname -p = x86_64
/bin/uname -X     = unknown

/bin/arch              = x86_64
/usr/bin/arch -k       = unknown
/usr/convex/getsysinfo = unknown
hostinfo               = unknown
/bin/machine           = unknown
/usr/bin/oslevel       = unknown
/bin/universe          = unknown

PATH = /sbin:/bin:/usr/sbin:/usr/bin

## ------------ ##
## Core tests.  ##
## ------------ ##

configure:972: PATH=".;."; conftest.sh
./configure: line 973: conftest.sh: command not found
configure:975: $? = 127
configure:1021: checking build system type
configure:1039: result: x86_64-pc-linux-gnu
configure:1047: checking host system type
configure:1061: result: x86_64-pc-linux-gnu
configure:1087: result: Configuring for linux-gnu
configure:1111: checking whether make sets ${MAKE}
configure:1131: result: yes
configure:1184: checking for gcc
configure:1199: found /bin/gcc
configure:1207: result: gcc
configure:1435: checking for C compiler version
configure:1438: gcc --version </dev/null >&5
gcc (GCC) 4.8.5 20150623 (Red Hat 4.8.5-28)
Copyright (C) 2015 Free Software Foundation, Inc.
This is free software; see the source for copying conditions.  There is NO
warranty; not even for MERCHANTABILITY or FITNESS FOR A PARTICULAR PURPOSE.

configure:1441: $? = 0
configure:1443: gcc -v </dev/null >&5
Using built-in specs.
COLLECT_GCC=gcc
COLLECT_LTO_WRAPPER=/usr/libexec/gcc/x86_64-redhat-linux/4.8.5/lto-wrapper
Target: x86_64-redhat-linux
Configured with: ../configure --prefix=/usr --mandir=/usr/share/man --infodir=/usr/share/info --with-bugurl=http://bugzilla.redhat.com/bugzilla --enable-bootstrap --enable-shared --enable-threads=posix --enable-checking=release --with-system-zlib --enable-__cxa_atexit --disable-libunwind-exceptions --enable-gnu-unique-object --enable-linker-build-id --with-linker-hash-style=gnu --enable-languages=c,c++,objc,obj-c++,java,fortran,ada,go,lto --enable-plugin --enable-initfini-array --disable-libgcj --with-isl=/builddir/build/BUILD/gcc-4.8.5-20150702/obj-x86_64-redhat-linux/isl-install --with-cloog=/builddir/build/BUILD/gcc-4.8.5-20150702/obj-x86_64-redhat-linux/cloog-install --enable-gnu-indirect-function --with-tune=generic --with-arch_32=x86-64 --build=x86_64-redhat-linux
Thread model: posix
gcc version 4.8.5 20150623 (Red Hat 4.8.5-28) (GCC) 
configure:1446: $? = 0
configure:1448: gcc -V </dev/null >&5
gcc: error: unrecognized command line option '-V'
gcc: fatal error: no input files
compilation terminated.
configure:1451: $? = 4
configure:1471: checking for C compiler default output
configure:1474: gcc    conftest.c  >&5
configure:1477: $? = 0
configure:1506: result: a.out
configure:1511: checking whether the C compiler works
configure:1517: ./a.out
configure:1520: $? = 0
configure:1535: result: yes
configure:1542: checking whether we are cross compiling
configure:1544: result: no
configure:1547: checking for executable suffix
configure:1549: gcc -o conftest    conftest.c  >&5
configure:1552: $? = 0
configure:1574: result: 
configure:1580: checking for object suffix
configure:1598: gcc -c   conftest.c >&5
configure:1601: $? = 0
configure:1620: result: o
configure:1624: checking whether we are using the GNU C compiler
configure:1645: gcc -c   conftest.c >&5
configure:1648: $? = 0
configure:1651: test -s conftest.o
configure:1654: $? = 0
configure:1666: result: yes
configure:1672: checking whether gcc accepts -g
configure:1690: gcc -c -g  conftest.c >&5
configure:1693: $? = 0
configure:1696: test -s conftest.o
configure:1699: $? = 0
configure:1709: result: yes
configure:1736: gcc -c -g -O2  conftest.c >&5
conftest.c:2:3: error: unknown type name 'choke'
   choke me
   ^
conftest.c:2:3: error: expected '=', ',', ';', 'asm' or '__attribute__' at end of input
configure:1739: $? = 1
configure: failed program was:
#ifndef __cplusplus
  choke me
#endif
configure:1840: checking version of gcc
configure:1844: result: 4.8.5
configure:1848: checking for gcc option to accept ANSI C
configure:1905: gcc  -c -g -O2  conftest.c >&5
configure:1908: $? = 0
configure:1911: test -s conftest.o
configure:1914: $? = 0
configure:1931: result: none needed
configure:1942: checking $CC variable
configure:2077: result: ok
configure:2082: checking for inline
configure:2099: gcc -c -g -O2  conftest.c >&5
configure:2102: $? = 0
configure:2105: test -s conftest.o
configure:2108: $? = 0
configure:2119: result: inline
configure:2140: checking how to run the C preprocessor
configure:2166: gcc -E  conftest.c
configure:2172: $? = 0
configure:2199: gcc -E  conftest.c
configure:2196:28: fatal error: ac_nonexistent.h: No such file or directory
 #include "confdefs.h"
                            ^
compilation terminated.
configure:2205: $? = 1
configure: failed program was:
#line 2195 "configure"
#include "confdefs.h"
#include <ac_nonexistent.h>
configure:2242: result: gcc -E
configure:2257: gcc -E  conftest.c
configure:2263: $? = 0
configure:2290: gcc -E  conftest.c
configure:2287:28: fatal error: ac_nonexistent.h: No such file or directory
 #include "confdefs.h"
                            ^
compilation terminated.
configure:2296: $? = 1
configure: failed program was:
#line 2286 "configure"
#include "confdefs.h"
#include <ac_nonexistent.h>
configure:2340: checking for mawk
configure:2366: result: no
configure:2340: checking for gawk
configure:2355: found /bin/gawk
configure:2363: result: gawk
configure:2385: checking for a BSD compatible install
configure:2434: result: /bin/install -c
configure:2455: checking if you want to install stripped executables
configure:2472: result: yes
configure:2482: checking if install needs to be told about ownership
configure:2493: result: no
configure:2506: checking for lint
configure:2532: result: no
configure:2506: checking for cppcheck
configure:2532: result: no
configure:2506: checking for splint
configure:2532: result: no
configure:2539: checking if filesystem supports mixed-case filenames
configure:2566: result: yes
configure:2577: checking for exctags
configure:2603: result: no
configure:2577: checking for ctags
configure:2592: found /bin/ctags
configure:2600: result: ctags
configure:2614: checking for exetags
configure:2640: result: no
configure:2614: checking for etags
configure:2640: result: no
configure:2649: checking for ctags
configure:2664: found /bin/ctags
configure:2673: result: yes
configure:2683: checking for etags
configure:2707: result: no
configure:2730: checking if -lm needed for math functions
configure:2753: gcc -o conftest -g -O2   conftest.c  >&5
/tmp/ccj73te9.o: In function `main':
/home/hafeez/github/cppcollection/linux_programming/ncurses-examples-20180127/configure:2746: undefined reference to `sin'
/home/hafeez/github/cppcollection/linux_programming/ncurses-examples-20180127/configure:2746: undefined reference to `pow'
collect2: error: ld returned 1 exit status
configure:2756: $? = 1
configure: failed program was:
#line 2737 "configure"
#include "confdefs.h"

	#include <stdio.h>
	#include <stdlib.h>
	#include <math.h>

int
main (void)
{
double x = rand(); printf("result = %g\n", pow(sin(x),x))
  ;
  return 0;
}
configure:2772: result: yes
configure:2831: checking for gcc __attribute__ directives...
checking for gcc __attribute__((scanf))
configure:2883: gcc -c -g -O2  conftest.c >&5
configure:2886: $? = 0
checking for gcc __attribute__((printf))
configure:2883: gcc -c -g -O2  conftest.c >&5
configure:2886: $? = 0
checking for gcc __attribute__((unused))
configure:2883: gcc -c -g -O2  conftest.c >&5
configure:2886: $? = 0
checking for gcc __attribute__((noreturn))
configure:2883: gcc -c -g -O2  conftest.c >&5
configure:2886: $? = 0
configure:2947: checking if you want to work around bogus compiler/loader warnings
configure:2957: result: no
configure:3266: checking if we must define _GNU_SOURCE
configure:3288: gcc -c -g -O2  conftest.c >&5
configure: In function 'main':
configure:3280:1: error: unknown type name 'make'
 #ifndef _XOPEN_SOURCE
 ^
configure:3280:9: error: expected '=', ',', ';', 'asm' or '__attribute__' before 'error'
 #ifndef _XOPEN_SOURCE
         ^
configure:3291: $? = 1
configure: failed program was:
#line 3273 "configure"
#include "confdefs.h"
#include <sys/types.h>
int
main (void)
{

#ifndef _XOPEN_SOURCE
make an error
#endif
  ;
  return 0;
}
configure:3321: gcc -c -g -O2  -D_GNU_SOURCE conftest.c >&5
configure: In function 'main':
configure:3313:1: error: unknown type name 'make'
 #ifdef _XOPEN_SOURCE
 ^
configure:3313:9: error: expected '=', ',', ';', 'asm' or '__attribute__' before 'error'
 #ifdef _XOPEN_SOURCE
         ^
configure:3324: $? = 1
configure: failed program was:
#line 3306 "configure"
#include "confdefs.h"
#include <sys/types.h>
int
main (void)
{

#ifdef _XOPEN_SOURCE
make an error
#endif
  ;
  return 0;
}
configure:3345: result: yes
configure:3350: checking if we should also define _DEFAULT_SOURCE
configure:3373: gcc -c -g -O2  -D_GNU_SOURCE conftest.c >&5
configure:3376: $? = 0
configure:3379: test -s conftest.o
configure:3382: $? = 0
configure:3393: result: no
configure:4268: checking if _XOPEN_SOURCE really is set
configure:4286: gcc -c -g -O2  -D_GNU_SOURCE conftest.c >&5
configure:4289: $? = 0
configure:4292: test -s conftest.o
configure:4295: $? = 0
configure:4304: result: yes
configure:4324: gcc -c -g -O2  -D_GNU_SOURCE conftest.c >&5
configure:4327: $? = 0
configure:4330: test -s conftest.o
configure:4333: $? = 0
configure:4554: checking for signal global datatype
configure:4589: gcc -c -g -O2  -D_GNU_SOURCE conftest.c >&5
configure:4592: $? = 0
configure:4595: test -s conftest.o
configure:4598: $? = 0
configure:4612: result: volatile sig_atomic_t
configure:4621: checking if SIGWINCH is defined
configure:4643: gcc -c -g -O2  -D_GNU_SOURCE conftest.c >&5
configure:4646: $? = 0
configure:4649: test -s conftest.o
configure:4652: $? = 0
configure:4700: result: yes
configure:4770: checking for nl_langinfo and CODESET
configure:4788: gcc -o conftest -g -O2  -D_GNU_SOURCE  conftest.c  >&5
configure:4791: $? = 0
configure:4794: test -s conftest
configure:4797: $? = 0
configure:4808: result: yes
configure:4818: checking if you want to use pkg-config
configure:4828: result: yes
configure:4880: checking for pkg-config
configure:4897: found /bin/pkg-config
configure:4909: result: /bin/pkg-config
configure:4966: checking if you want to see long compiling messages
configure:5000: result: yes
configure:5003: checking for ncurses wrap-prefix
configure:5013: result: _nc_
configure:5016: checking if you want to check for wide-character functions
configure:5033: result: yes
configure:5036: checking for specific curses-directory
configure:5046: result: no
configure:5197: checking for specified curses library type
configure:5241: result: curses
configure:5247: checking for extra include directories
configure:5273: result: no
configure:5277: checking if we have identified curses headers
configure:5301: gcc -c -g -O2  -D_GNU_SOURCE conftest.c >&5
configure:5304: $? = 0
configure:5307: test -s conftest.o
configure:5310: $? = 0
configure:5321: result: ncurses.h
configure:5335: checking for ncurses.h
configure:5345: gcc -E  -D_GNU_SOURCE conftest.c
configure:5351: $? = 0
configure:5370: result: yes
configure:5380: checking for terminfo header
configure:5413: gcc -c -g -O2  -D_GNU_SOURCE conftest.c >&5
configure:5416: $? = 0
configure:5419: test -s conftest.o
configure:5422: $? = 0
configure:5438: result: term.h
configure:5470: checking for ncurses version
configure:5534: gcc -o conftest -g -O2  -D_GNU_SOURCE  conftest.c  >&5
configure:5537: $? = 0
configure:5539: ./conftest
configure:5542: $? = 0
configure:5556: result: 5.9.20130511
configure:5563: checking if we have identified curses libraries
configure:5578: gcc -o conftest -g -O2  -D_GNU_SOURCE  conftest.c  >&5
/tmp/ccE26JzF.o: In function `main':
/home/hafeez/github/cppcollection/linux_programming/ncurses-examples-20180127/configure:5571: undefined reference to `initscr'
/home/hafeez/github/cppcollection/linux_programming/ncurses-examples-20180127/configure:5571: undefined reference to `tgoto'
collect2: error: ld returned 1 exit status
configure:5581: $? = 1
configure: failed program was:
#line 5566 "configure"
#include "confdefs.h"
#include <ncurses.h>
int
main (void)
{
initscr(); tgoto("?", 0,0)
  ;
  return 0;
}
configure:5596: result: no
configure:5853: testing adding /lib64 to library-path ...
configure:5992: checking for tgoto
configure:6029: gcc -o conftest -g -O2  -D_GNU_SOURCE -L/lib64  conftest.c  >&5
/tmp/cc9EkK2L.o: In function `main':
/home/hafeez/github/cppcollection/linux_programming/ncurses-examples-20180127/configure:6020: undefined reference to `tgoto'
collect2: error: ld returned 1 exit status
configure:6032: $? = 1
configure: failed program was:
#line 5998 "configure"
#include "confdefs.h"
/* System header to define __stub macros and hopefully few prototypes,
    which can conflict with char tgoto (); below.  */
#include <assert.h>
/* Override any gcc2 internal prototype to avoid an error.  */
#ifdef __cplusplus
extern "C"
#endif
/* We use char because int might match the return type of a gcc2
   builtin and then its argument prototype would still apply.  */
char tgoto ();
char (*f) ();

int
main (void)
{
/* The GNU C library defines this for functions which it implements
    to always fail with ENOSYS.  Some functions are actually named
    something starting with __ and the normal name is an alias.  */
#if defined (__stub_tgoto) || defined (__stub___tgoto)
choke me
#else
f = tgoto; /* workaround for ICC 12.0.3 */ if (f == 0) return 1;
#endif

  ;
  return 0;
}
configure:6048: result: no
configure:6057: checking for tgoto in -lncurses
configure:6084: gcc -o conftest -g -O2  -D_GNU_SOURCE -L/lib64  conftest.c -lncurses   >&5
configure:6087: $? = 0
configure:6090: test -s conftest
configure:6093: $? = 0
configure:6104: result: yes
configure:6127: checking if we can link with ncurses library
configure:6142: gcc -o conftest -g -O2  -D_GNU_SOURCE -L/lib64  conftest.c -lncurses  >&5
configure:6145: $? = 0
configure:6148: test -s conftest
configure:6151: $? = 0
configure:6160: result: yes
configure:14151: checking for _nc_init_pthreads in -lncurses
configure:14178: gcc -o conftest -g -O2  -D_GNU_SOURCE -L/lib64  conftest.c -lncurses  -lncurses  >&5
/tmp/ccXD71ZA.o: In function `main':
/home/hafeez/github/cppcollection/linux_programming/ncurses-examples-20180127/configure:14171: undefined reference to `_nc_init_pthreads'
collect2: error: ld returned 1 exit status
configure:14181: $? = 1
configure: failed program was:
#line 14159 "configure"
#include "confdefs.h"

/* Override any gcc2 internal prototype to avoid an error.  */
#ifdef __cplusplus
extern "C"
#endif
/* We use char because int might match the return type of a gcc2
   builtin and then its argument prototype would still apply.  */
char _nc_init_pthreads ();
int
main (void)
{
_nc_init_pthreads ();
  ;
  return 0;
}
configure:14198: result: no
configure:14233: checking for X11 rgb file
configure:14305: result: /usr/share/X11/rgb.txt
configure:14346: checking if you want to check for panel functions
configure:14363: result: yes
configure:14580: checking for new_panel in -lpanel
configure:14607: gcc -o conftest -g -O2  -D_GNU_SOURCE -L/lib64  conftest.c -lpanel  -lncurses  >&5
configure:14610: $? = 0
configure:14613: test -s conftest
configure:14616: $? = 0
configure:14627: result: yes
configure:14660: checking if you want to check for menu functions
configure:14677: result: yes
configure:14686: checking for NetBSD menu.h
configure:14711: gcc -c -g -O2  -D_GNU_SOURCE conftest.c >&5
configure: In function 'main':
configure:14703:14: error: 'MENU' has no member named 'max_item_width'
  MENU *menu;
              ^
configure:14714: $? = 1
configure: failed program was:
#line 14693 "configure"
#include "confdefs.h"

#include <ncurses.h>
#include <menu.h>

int
main (void)
{

	MENU *menu;
	int y = menu->max_item_width;

  ;
  return 0;
}
configure:14732: result: no
configure:14955: checking for menu_driver in -lmenu
configure:14982: gcc -o conftest -g -O2  -D_GNU_SOURCE -L/lib64  conftest.c -lmenu  -lpanel -lncurses >&5
configure:14985: $? = 0
configure:14988: test -s conftest
configure:14991: $? = 0
configure:15002: result: yes
configure:15035: checking if you want to check for form functions
configure:15052: result: yes
configure:15061: checking for NetBSD form.h
configure:15087: gcc -c -g -O2  -D_GNU_SOURCE conftest.c >&5
configure: In function 'main':
configure:15078:29: error: 'FIELD' has no member named 'cursor_ypos'
  FORM *form;
                             ^
configure:15079:29: error: 'FIELD' has no member named 'cursor_xpos'
  int y = current_field(form)->cursor_ypos;
                             ^
configure:15090: $? = 1
configure: failed program was:
#line 15068 "configure"
#include "confdefs.h"

#include <ncurses.h>
#include <form.h>

int
main (void)
{

	FORM *form;
	int y = current_field(form)->cursor_ypos;
	int x = current_field(form)->cursor_xpos;

  ;
  return 0;
}
configure:15108: result: no
configure:15331: checking for form_driver in -lform
configure:15358: gcc -o conftest -g -O2  -D_GNU_SOURCE -L/lib64  conftest.c -lform  -lmenu -lpanel -lncurses >&5
configure:15361: $? = 0
configure:15364: test -s conftest
configure:15367: $? = 0
configure:15378: result: yes
configure:15416: checking for panel.h
configure:15426: gcc -E  -D_GNU_SOURCE conftest.c
configure:15432: $? = 0
configure:15451: result: yes
configure:15416: checking for menu.h
configure:15426: gcc -E  -D_GNU_SOURCE conftest.c
configure:15432: $? = 0
configure:15451: result: yes
configure:15416: checking for form.h
configure:15426: gcc -E  -D_GNU_SOURCE conftest.c
configure:15432: $? = 0
configure:15451: result: yes
configure:15461: checking for ANSI C header files
configure:15475: gcc -E  -D_GNU_SOURCE conftest.c
configure:15481: $? = 0
configure:15568: gcc -o conftest -g -O2  -D_GNU_SOURCE -L/lib64  conftest.c -lform -lmenu -lpanel -lncurses >&5
configure:15571: $? = 0
configure:15573: ./conftest
configure:15576: $? = 0
configure:15589: result: yes
configure:15599: checking whether time.h and sys/time.h may both be included
configure:15621: gcc -c -g -O2  -D_GNU_SOURCE conftest.c >&5
configure:15624: $? = 0
configure:15627: test -s conftest.o
configure:15630: $? = 0
configure:15640: result: yes
configure:15664: checking for getopt.h
configure:15674: gcc -E  -D_GNU_SOURCE conftest.c
configure:15680: $? = 0
configure:15699: result: yes
configure:15664: checking for locale.h
configure:15674: gcc -E  -D_GNU_SOURCE conftest.c
configure:15680: $? = 0
configure:15699: result: yes
configure:15664: checking for math.h
configure:15674: gcc -E  -D_GNU_SOURCE conftest.c
configure:15680: $? = 0
configure:15699: result: yes
configure:15664: checking for stdarg.h
configure:15674: gcc -E  -D_GNU_SOURCE conftest.c
configure:15680: $? = 0
configure:15699: result: yes
configure:15664: checking for stdint.h
configure:15674: gcc -E  -D_GNU_SOURCE conftest.c
configure:15680: $? = 0
configure:15699: result: yes
configure:15664: checking for sys/ioctl.h
configure:15674: gcc -E  -D_GNU_SOURCE conftest.c
configure:15680: $? = 0
configure:15699: result: yes
configure:15664: checking for sys/select.h
configure:15674: gcc -E  -D_GNU_SOURCE conftest.c
configure:15680: $? = 0
configure:15699: result: yes
configure:15664: checking for sys/time.h
configure:15674: gcc -E  -D_GNU_SOURCE conftest.c
configure:15680: $? = 0
configure:15699: result: yes
configure:15664: checking for termios.h
configure:15674: gcc -E  -D_GNU_SOURCE conftest.c
configure:15680: $? = 0
configure:15699: result: yes
configure:15664: checking for unistd.h
configure:15674: gcc -E  -D_GNU_SOURCE conftest.c
configure:15680: $? = 0
configure:15699: result: yes
configure:15712: checking for unistd.h
configure:15747: result: yes
configure:15712: checking for getopt.h
configure:15747: result: yes
configure:15757: checking for header declaring getopt variables
configure:15780: gcc -c -g -O2  -D_GNU_SOURCE conftest.c >&5
configure: In function 'main':
configure:15773:9: error: 'optind' undeclared (first use in this function)
 {
         ^
configure:15773:9: note: each undeclared identifier is reported only once for each function it appears in
configure:15773:27: error: 'optarg' undeclared (first use in this function)
 {
                           ^
configure:15783: $? = 1
configure: failed program was:
#line 15767 "configure"
#include "confdefs.h"

#include <stdio.h>
int
main (void)
{
int x = optind; char *y = optarg
  ;
  return 0;
}
configure:15780: gcc -c -g -O2  -D_GNU_SOURCE conftest.c >&5
configure: In function 'main':
configure:15773:9: error: 'optind' undeclared (first use in this function)
 {
         ^
configure:15773:9: note: each undeclared identifier is reported only once for each function it appears in
configure:15773:27: error: 'optarg' undeclared (first use in this function)
 {
                           ^
configure:15783: $? = 1
configure: failed program was:
#line 15767 "configure"
#include "confdefs.h"

#include <stdlib.h>
int
main (void)
{
int x = optind; char *y = optarg
  ;
  return 0;
}
configure:15780: gcc -c -g -O2  -D_GNU_SOURCE conftest.c >&5
configure:15783: $? = 0
configure:15786: test -s conftest.o
configure:15789: $? = 0
configure:15801: result: unistd.h
configure:15826: checking for getopt
configure:15863: gcc -o conftest -g -O2  -D_GNU_SOURCE -L/lib64  conftest.c -lform -lmenu -lpanel -lncurses >&5
configure:15866: $? = 0
configure:15869: test -s conftest
configure:15872: $? = 0
configure:15882: result: yes
configure:15826: checking for gettimeofday
configure:15863: gcc -o conftest -g -O2  -D_GNU_SOURCE -L/lib64  conftest.c -lform -lmenu -lpanel -lncurses >&5
configure:15866: $? = 0
configure:15869: test -s conftest
configure:15872: $? = 0
configure:15882: result: yes
configure:15826: checking for tdestroy
configure:15863: gcc -o conftest -g -O2  -D_GNU_SOURCE -L/lib64  conftest.c -lform -lmenu -lpanel -lncurses >&5
configure:15866: $? = 0
configure:15869: test -s conftest
configure:15872: $? = 0
configure:15882: result: yes
configure:15826: checking for tsearch
configure:15863: gcc -o conftest -g -O2  -D_GNU_SOURCE -L/lib64  conftest.c -lform -lmenu -lpanel -lncurses >&5
configure:15866: $? = 0
configure:15869: test -s conftest
configure:15872: $? = 0
configure:15882: result: yes
configure:15893: checking if we can use termcap.h
configure:15915: gcc -c -g -O2  -D_GNU_SOURCE conftest.c >&5
configure:15918: $? = 0
configure:15921: test -s conftest.o
configure:15924: $? = 0
configure:15934: result: yes
configure:15960: checking for mblen
configure:15997: gcc -o conftest -g -O2  -D_GNU_SOURCE -L/lib64  conftest.c -lform -lmenu -lpanel -lncurses >&5
configure:16000: $? = 0
configure:16003: test -s conftest
configure:16006: $? = 0
configure:16016: result: yes
configure:15960: checking for mbrlen
configure:15997: gcc -o conftest -g -O2  -D_GNU_SOURCE -L/lib64  conftest.c -lform -lmenu -lpanel -lncurses >&5
configure:16000: $? = 0
configure:16003: test -s conftest
configure:16006: $? = 0
configure:16016: result: yes
configure:15960: checking for mbrtowc
configure:15997: gcc -o conftest -g -O2  -D_GNU_SOURCE -L/lib64  conftest.c -lform -lmenu -lpanel -lncurses >&5
configure:16000: $? = 0
configure:16003: test -s conftest
configure:16006: $? = 0
configure:16016: result: yes
configure:15960: checking for mbsrtowcs
configure:15997: gcc -o conftest -g -O2  -D_GNU_SOURCE -L/lib64  conftest.c -lform -lmenu -lpanel -lncurses >&5
configure:16000: $? = 0
configure:16003: test -s conftest
configure:16006: $? = 0
configure:16016: result: yes
configure:15960: checking for mbstowcs
configure:15997: gcc -o conftest -g -O2  -D_GNU_SOURCE -L/lib64  conftest.c -lform -lmenu -lpanel -lncurses >&5
configure:16000: $? = 0
configure:16003: test -s conftest
configure:16006: $? = 0
configure:16016: result: yes
configure:15960: checking for mbtowc
configure:15997: gcc -o conftest -g -O2  -D_GNU_SOURCE -L/lib64  conftest.c -lform -lmenu -lpanel -lncurses >&5
configure:16000: $? = 0
configure:16003: test -s conftest
configure:16006: $? = 0
configure:16016: result: yes
configure:15960: checking for wcsrtombs
configure:15997: gcc -o conftest -g -O2  -D_GNU_SOURCE -L/lib64  conftest.c -lform -lmenu -lpanel -lncurses >&5
configure:16000: $? = 0
configure:16003: test -s conftest
configure:16006: $? = 0
configure:16016: result: yes
configure:15960: checking for wcstombs
configure:15997: gcc -o conftest -g -O2  -D_GNU_SOURCE -L/lib64  conftest.c -lform -lmenu -lpanel -lncurses >&5
configure:16000: $? = 0
configure:16003: test -s conftest
configure:16006: $? = 0
configure:16016: result: yes
configure:16028: checking definition to turn on extended curses functions
configure:16062: gcc -o conftest -g -O2  -D_GNU_SOURCE -L/lib64  conftest.c -lform -lmenu -lpanel -lncurses >&5
configure:16065: $? = 0
configure:16068: test -s conftest
configure:16071: $? = 0
configure:16126: result: none
configure:16135: checking for term.h
configure:16240: result: term.h
configure:16267: checking for unctrl.h
configure:16302: gcc -c -g -O2  -D_GNU_SOURCE conftest.c >&5
configure:16305: $? = 0
configure:16308: test -s conftest.o
configure:16311: $? = 0
configure:16324: result: unctrl.h
configure:16418: checking for alloc_pair
configure:16421: testing alloc_pair ...
configure:16463: gcc -o conftest -g -O2  -D_GNU_SOURCE -L/lib64  conftest.c -lform -lmenu -lpanel -lncurses >&5
configure: In function 'main':
configure:16451:20: error: 'alloc_pair' undeclared (first use in this function)
 #ifndef ${cf_func}
                    ^
configure:16451:20: note: each undeclared identifier is reported only once for each function it appears in
configure:16466: $? = 1
configure: failed program was:
#line 16430 "configure"
#include "confdefs.h"

#ifdef HAVE_XCURSES
#include <xcurses.h>
char * XCursesProgramName = "test";
#else
#include <ncurses.h>
#if defined(NCURSES_VERSION) && defined(HAVE_NCURSESW_TERM_H)
#include <ncursesw/term.h>
#elif defined(NCURSES_VERSION) && defined(HAVE_NCURSES_TERM_H)
#include <ncurses/term.h>
#elif defined(HAVE_TERM_H)
#include <term.h>
#endif
#endif

int
main (void)
{

#ifndef alloc_pair
long foo = (long)(&alloc_pair);
fprintf(stderr, "testing linkage of alloc_pair:%p\n", (void *)foo);
if (foo + 1234L > 5678L)
	return(foo != 0);
#endif

  ;
  return 0;
}
configure:16488: result: no
configure:16418: checking for assume_default_colors
configure:16421: testing assume_default_colors ...
configure:16463: gcc -o conftest -g -O2  -D_GNU_SOURCE -L/lib64  conftest.c -lform -lmenu -lpanel -lncurses >&5
configure:16466: $? = 0
configure:16469: test -s conftest
configure:16472: $? = 0
configure:16488: result: yes
configure:16418: checking for chgat
configure:16421: testing chgat ...
configure:16463: gcc -o conftest -g -O2  -D_GNU_SOURCE -L/lib64  conftest.c -lform -lmenu -lpanel -lncurses >&5
configure:16466: $? = 0
configure:16469: test -s conftest
configure:16472: $? = 0
configure:16488: result: yes
configure:16418: checking for color_content
configure:16421: testing color_content ...
configure:16463: gcc -o conftest -g -O2  -D_GNU_SOURCE -L/lib64  conftest.c -lform -lmenu -lpanel -lncurses >&5
configure:16466: $? = 0
configure:16469: test -s conftest
configure:16472: $? = 0
configure:16488: result: yes
configure:16418: checking for color_set
configure:16421: testing color_set ...
configure:16463: gcc -o conftest -g -O2  -D_GNU_SOURCE -L/lib64  conftest.c -lform -lmenu -lpanel -lncurses >&5
configure:16466: $? = 0
configure:16469: test -s conftest
configure:16472: $? = 0
configure:16488: result: yes
configure:16418: checking for copywin
configure:16421: testing copywin ...
configure:16463: gcc -o conftest -g -O2  -D_GNU_SOURCE -L/lib64  conftest.c -lform -lmenu -lpanel -lncurses >&5
configure:16466: $? = 0
configure:16469: test -s conftest
configure:16472: $? = 0
configure:16488: result: yes
configure:16418: checking for delscreen
configure:16421: testing delscreen ...
configure:16463: gcc -o conftest -g -O2  -D_GNU_SOURCE -L/lib64  conftest.c -lform -lmenu -lpanel -lncurses >&5
configure:16466: $? = 0
configure:16469: test -s conftest
configure:16472: $? = 0
configure:16488: result: yes
configure:16418: checking for dupwin
configure:16421: testing dupwin ...
configure:16463: gcc -o conftest -g -O2  -D_GNU_SOURCE -L/lib64  conftest.c -lform -lmenu -lpanel -lncurses >&5
configure:16466: $? = 0
configure:16469: test -s conftest
configure:16472: $? = 0
configure:16488: result: yes
configure:16418: checking for filter
configure:16421: testing filter ...
configure:16463: gcc -o conftest -g -O2  -D_GNU_SOURCE -L/lib64  conftest.c -lform -lmenu -lpanel -lncurses >&5
configure:16466: $? = 0
configure:16469: test -s conftest
configure:16472: $? = 0
configure:16488: result: yes
configure:16418: checking for getbegx
configure:16421: testing getbegx ...
configure:16463: gcc -o conftest -g -O2  -D_GNU_SOURCE -L/lib64  conftest.c -lform -lmenu -lpanel -lncurses >&5
configure:16466: $? = 0
configure:16469: test -s conftest
configure:16472: $? = 0
configure:16488: result: yes
configure:16418: checking for getcurx
configure:16421: testing getcurx ...
configure:16463: gcc -o conftest -g -O2  -D_GNU_SOURCE -L/lib64  conftest.c -lform -lmenu -lpanel -lncurses >&5
configure:16466: $? = 0
configure:16469: test -s conftest
configure:16472: $? = 0
configure:16488: result: yes
configure:16418: checking for getmaxx
configure:16421: testing getmaxx ...
configure:16463: gcc -o conftest -g -O2  -D_GNU_SOURCE -L/lib64  conftest.c -lform -lmenu -lpanel -lncurses >&5
configure:16466: $? = 0
configure:16469: test -s conftest
configure:16472: $? = 0
configure:16488: result: yes
configure:16418: checking for getnstr
configure:16421: testing getnstr ...
configure:16463: gcc -o conftest -g -O2  -D_GNU_SOURCE -L/lib64  conftest.c -lform -lmenu -lpanel -lncurses >&5
configure:16466: $? = 0
configure:16469: test -s conftest
configure:16472: $? = 0
configure:16488: result: yes
configure:16418: checking for getparx
configure:16421: testing getparx ...
configure:16463: gcc -o conftest -g -O2  -D_GNU_SOURCE -L/lib64  conftest.c -lform -lmenu -lpanel -lncurses >&5
configure:16466: $? = 0
configure:16469: test -s conftest
configure:16472: $? = 0
configure:16488: result: yes
configure:16418: checking for getwin
configure:16421: testing getwin ...
configure:16463: gcc -o conftest -g -O2  -D_GNU_SOURCE -L/lib64  conftest.c -lform -lmenu -lpanel -lncurses >&5
configure:16466: $? = 0
configure:16469: test -s conftest
configure:16472: $? = 0
configure:16488: result: yes
configure:16418: checking for halfdelay
configure:16421: testing halfdelay ...
configure:16463: gcc -o conftest -g -O2  -D_GNU_SOURCE -L/lib64  conftest.c -lform -lmenu -lpanel -lncurses >&5
configure:16466: $? = 0
configure:16469: test -s conftest
configure:16472: $? = 0
configure:16488: result: yes
configure:16418: checking for init_extended_color
configure:16421: testing init_extended_color ...
configure:16463: gcc -o conftest -g -O2  -D_GNU_SOURCE -L/lib64  conftest.c -lform -lmenu -lpanel -lncurses >&5
configure: In function 'main':
configure:16451:20: error: 'init_extended_color' undeclared (first use in this function)
 #ifndef ${cf_func}
                    ^
configure:16451:20: note: each undeclared identifier is reported only once for each function it appears in
configure:16466: $? = 1
configure: failed program was:
#line 16430 "configure"
#include "confdefs.h"

#ifdef HAVE_XCURSES
#include <xcurses.h>
char * XCursesProgramName = "test";
#else
#include <ncurses.h>
#if defined(NCURSES_VERSION) && defined(HAVE_NCURSESW_TERM_H)
#include <ncursesw/term.h>
#elif defined(NCURSES_VERSION) && defined(HAVE_NCURSES_TERM_H)
#include <ncurses/term.h>
#elif defined(HAVE_TERM_H)
#include <term.h>
#endif
#endif

int
main (void)
{

#ifndef init_extended_color
long foo = (long)(&init_extended_color);
fprintf(stderr, "testing linkage of init_extended_color:%p\n", (void *)foo);
if (foo + 1234L > 5678L)
	return(foo != 0);
#endif

  ;
  return 0;
}
configure:16488: result: no
configure:16418: checking for mvderwin
configure:16421: testing mvderwin ...
configure:16463: gcc -o conftest -g -O2  -D_GNU_SOURCE -L/lib64  conftest.c -lform -lmenu -lpanel -lncurses >&5
configure:16466: $? = 0
configure:16469: test -s conftest
configure:16472: $? = 0
configure:16488: result: yes
configure:16418: checking for mvvline
configure:16421: testing mvvline ...
configure:16463: gcc -o conftest -g -O2  -D_GNU_SOURCE -L/lib64  conftest.c -lform -lmenu -lpanel -lncurses >&5
configure:16466: $? = 0
configure:16469: test -s conftest
configure:16472: $? = 0
configure:16488: result: yes
configure:16418: checking for mvwin
configure:16421: testing mvwin ...
configure:16463: gcc -o conftest -g -O2  -D_GNU_SOURCE -L/lib64  conftest.c -lform -lmenu -lpanel -lncurses >&5
configure:16466: $? = 0
configure:16469: test -s conftest
configure:16472: $? = 0
configure:16488: result: yes
configure:16418: checking for mvwvline
configure:16421: testing mvwvline ...
configure:16463: gcc -o conftest -g -O2  -D_GNU_SOURCE -L/lib64  conftest.c -lform -lmenu -lpanel -lncurses >&5
configure:16466: $? = 0
configure:16469: test -s conftest
configure:16472: $? = 0
configure:16488: result: yes
configure:16418: checking for napms
configure:16421: testing napms ...
configure:16463: gcc -o conftest -g -O2  -D_GNU_SOURCE -L/lib64  conftest.c -lform -lmenu -lpanel -lncurses >&5
configure:16466: $? = 0
configure:16469: test -s conftest
configure:16472: $? = 0
configure:16488: result: yes
configure:16418: checking for newpad
configure:16421: testing newpad ...
configure:16463: gcc -o conftest -g -O2  -D_GNU_SOURCE -L/lib64  conftest.c -lform -lmenu -lpanel -lncurses >&5
configure:16466: $? = 0
configure:16469: test -s conftest
configure:16472: $? = 0
configure:16488: result: yes
configure:16418: checking for putwin
configure:16421: testing putwin ...
configure:16463: gcc -o conftest -g -O2  -D_GNU_SOURCE -L/lib64  conftest.c -lform -lmenu -lpanel -lncurses >&5
configure:16466: $? = 0
configure:16469: test -s conftest
configure:16472: $? = 0
configure:16488: result: yes
configure:16418: checking for reset_color_pairs
configure:16421: testing reset_color_pairs ...
configure:16463: gcc -o conftest -g -O2  -D_GNU_SOURCE -L/lib64  conftest.c -lform -lmenu -lpanel -lncurses >&5
configure: In function 'main':
configure:16451:20: error: 'reset_color_pairs' undeclared (first use in this function)
 #ifndef ${cf_func}
                    ^
configure:16451:20: note: each undeclared identifier is reported only once for each function it appears in
configure:16466: $? = 1
configure: failed program was:
#line 16430 "configure"
#include "confdefs.h"

#ifdef HAVE_XCURSES
#include <xcurses.h>
char * XCursesProgramName = "test";
#else
#include <ncurses.h>
#if defined(NCURSES_VERSION) && defined(HAVE_NCURSESW_TERM_H)
#include <ncursesw/term.h>
#elif defined(NCURSES_VERSION) && defined(HAVE_NCURSES_TERM_H)
#include <ncurses/term.h>
#elif defined(HAVE_TERM_H)
#include <term.h>
#endif
#endif

int
main (void)
{

#ifndef reset_color_pairs
long foo = (long)(&reset_color_pairs);
fprintf(stderr, "testing linkage of reset_color_pairs:%p\n", (void *)foo);
if (foo + 1234L > 5678L)
	return(foo != 0);
#endif

  ;
  return 0;
}
configure:16488: result: no
configure:16418: checking for resize_term
configure:16421: testing resize_term ...
configure:16463: gcc -o conftest -g -O2  -D_GNU_SOURCE -L/lib64  conftest.c -lform -lmenu -lpanel -lncurses >&5
configure:16466: $? = 0
configure:16469: test -s conftest
configure:16472: $? = 0
configure:16488: result: yes
configure:16418: checking for resizeterm
configure:16421: testing resizeterm ...
configure:16463: gcc -o conftest -g -O2  -D_GNU_SOURCE -L/lib64  conftest.c -lform -lmenu -lpanel -lncurses >&5
configure:16466: $? = 0
configure:16469: test -s conftest
configure:16472: $? = 0
configure:16488: result: yes
configure:16418: checking for restartterm
configure:16421: testing restartterm ...
configure:16463: gcc -o conftest -g -O2  -D_GNU_SOURCE -L/lib64  conftest.c -lform -lmenu -lpanel -lncurses >&5
configure:16466: $? = 0
configure:16469: test -s conftest
configure:16472: $? = 0
configure:16488: result: yes
configure:16418: checking for ripoffline
configure:16421: testing ripoffline ...
configure:16463: gcc -o conftest -g -O2  -D_GNU_SOURCE -L/lib64  conftest.c -lform -lmenu -lpanel -lncurses >&5
configure:16466: $? = 0
configure:16469: test -s conftest
configure:16472: $? = 0
configure:16488: result: yes
configure:16418: checking for scr_dump
configure:16421: testing scr_dump ...
configure:16463: gcc -o conftest -g -O2  -D_GNU_SOURCE -L/lib64  conftest.c -lform -lmenu -lpanel -lncurses >&5
configure:16466: $? = 0
configure:16469: test -s conftest
configure:16472: $? = 0
configure:16488: result: yes
configure:16418: checking for setupterm
configure:16421: testing setupterm ...
configure:16463: gcc -o conftest -g -O2  -D_GNU_SOURCE -L/lib64  conftest.c -lform -lmenu -lpanel -lncurses >&5
configure:16466: $? = 0
configure:16469: test -s conftest
configure:16472: $? = 0
configure:16488: result: yes
configure:16418: checking for slk_color
configure:16421: testing slk_color ...
configure:16463: gcc -o conftest -g -O2  -D_GNU_SOURCE -L/lib64  conftest.c -lform -lmenu -lpanel -lncurses >&5
configure:16466: $? = 0
configure:16469: test -s conftest
configure:16472: $? = 0
configure:16488: result: yes
configure:16418: checking for slk_init
configure:16421: testing slk_init ...
configure:16463: gcc -o conftest -g -O2  -D_GNU_SOURCE -L/lib64  conftest.c -lform -lmenu -lpanel -lncurses >&5
configure:16466: $? = 0
configure:16469: test -s conftest
configure:16472: $? = 0
configure:16488: result: yes
configure:16418: checking for termattrs
configure:16421: testing termattrs ...
configure:16463: gcc -o conftest -g -O2  -D_GNU_SOURCE -L/lib64  conftest.c -lform -lmenu -lpanel -lncurses >&5
configure:16466: $? = 0
configure:16469: test -s conftest
configure:16472: $? = 0
configure:16488: result: yes
configure:16418: checking for tgetent
configure:16421: testing tgetent ...
configure:16463: gcc -o conftest -g -O2  -D_GNU_SOURCE -L/lib64  conftest.c -lform -lmenu -lpanel -lncurses >&5
configure:16466: $? = 0
configure:16469: test -s conftest
configure:16472: $? = 0
configure:16488: result: yes
configure:16418: checking for tigetnum
configure:16421: testing tigetnum ...
configure:16463: gcc -o conftest -g -O2  -D_GNU_SOURCE -L/lib64  conftest.c -lform -lmenu -lpanel -lncurses >&5
configure:16466: $? = 0
configure:16469: test -s conftest
configure:16472: $? = 0
configure:16488: result: yes
configure:16418: checking for tigetstr
configure:16421: testing tigetstr ...
configure:16463: gcc -o conftest -g -O2  -D_GNU_SOURCE -L/lib64  conftest.c -lform -lmenu -lpanel -lncurses >&5
configure:16466: $? = 0
configure:16469: test -s conftest
configure:16472: $? = 0
configure:16488: result: yes
configure:16418: checking for tputs_sp
configure:16421: testing tputs_sp ...
configure:16463: gcc -o conftest -g -O2  -D_GNU_SOURCE -L/lib64  conftest.c -lform -lmenu -lpanel -lncurses >&5
configure: In function 'main':
configure:16451:20: error: 'tputs_sp' undeclared (first use in this function)
 #ifndef ${cf_func}
                    ^
configure:16451:20: note: each undeclared identifier is reported only once for each function it appears in
configure:16466: $? = 1
configure: failed program was:
#line 16430 "configure"
#include "confdefs.h"

#ifdef HAVE_XCURSES
#include <xcurses.h>
char * XCursesProgramName = "test";
#else
#include <ncurses.h>
#if defined(NCURSES_VERSION) && defined(HAVE_NCURSESW_TERM_H)
#include <ncursesw/term.h>
#elif defined(NCURSES_VERSION) && defined(HAVE_NCURSES_TERM_H)
#include <ncurses/term.h>
#elif defined(HAVE_TERM_H)
#include <term.h>
#endif
#endif

int
main (void)
{

#ifndef tputs_sp
long foo = (long)(&tputs_sp);
fprintf(stderr, "testing linkage of tputs_sp:%p\n", (void *)foo);
if (foo + 1234L > 5678L)
	return(foo != 0);
#endif

  ;
  return 0;
}
configure:16488: result: no
configure:16418: checking for typeahead
configure:16421: testing typeahead ...
configure:16463: gcc -o conftest -g -O2  -D_GNU_SOURCE -L/lib64  conftest.c -lform -lmenu -lpanel -lncurses >&5
configure:16466: $? = 0
configure:16469: test -s conftest
configure:16472: $? = 0
configure:16488: result: yes
configure:16418: checking for use_default_colors
configure:16421: testing use_default_colors ...
configure:16463: gcc -o conftest -g -O2  -D_GNU_SOURCE -L/lib64  conftest.c -lform -lmenu -lpanel -lncurses >&5
configure:16466: $? = 0
configure:16469: test -s conftest
configure:16472: $? = 0
configure:16488: result: yes
configure:16418: checking for use_env
configure:16421: testing use_env ...
configure:16463: gcc -o conftest -g -O2  -D_GNU_SOURCE -L/lib64  conftest.c -lform -lmenu -lpanel -lncurses >&5
configure:16466: $? = 0
configure:16469: test -s conftest
configure:16472: $? = 0
configure:16488: result: yes
configure:16418: checking for use_extended_names
configure:16421: testing use_extended_names ...
configure:16463: gcc -o conftest -g -O2  -D_GNU_SOURCE -L/lib64  conftest.c -lform -lmenu -lpanel -lncurses >&5
configure:16466: $? = 0
configure:16469: test -s conftest
configure:16472: $? = 0
configure:16488: result: yes
configure:16418: checking for use_screen
configure:16421: testing use_screen ...
configure:16463: gcc -o conftest -g -O2  -D_GNU_SOURCE -L/lib64  conftest.c -lform -lmenu -lpanel -lncurses >&5
configure:16466: $? = 0
configure:16469: test -s conftest
configure:16472: $? = 0
configure:16488: result: yes
configure:16418: checking for use_window
configure:16421: testing use_window ...
configure:16463: gcc -o conftest -g -O2  -D_GNU_SOURCE -L/lib64  conftest.c -lform -lmenu -lpanel -lncurses >&5
configure:16466: $? = 0
configure:16469: test -s conftest
configure:16472: $? = 0
configure:16488: result: yes
configure:16418: checking for vid_puts
configure:16421: testing vid_puts ...
configure:16463: gcc -o conftest -g -O2  -D_GNU_SOURCE -L/lib64  conftest.c -lform -lmenu -lpanel -lncurses >&5
/tmp/cc1DGvrx.o: In function `main':
/home/hafeez/github/cppcollection/linux_programming/ncurses-examples-20180127/configure:16452: undefined reference to `vid_puts'
/home/hafeez/github/cppcollection/linux_programming/ncurses-examples-20180127/configure:16453: undefined reference to `vid_puts'
collect2: error: ld returned 1 exit status
configure:16466: $? = 1
configure: failed program was:
#line 16430 "configure"
#include "confdefs.h"

#ifdef HAVE_XCURSES
#include <xcurses.h>
char * XCursesProgramName = "test";
#else
#include <ncurses.h>
#if defined(NCURSES_VERSION) && defined(HAVE_NCURSESW_TERM_H)
#include <ncursesw/term.h>
#elif defined(NCURSES_VERSION) && defined(HAVE_NCURSES_TERM_H)
#include <ncurses/term.h>
#elif defined(HAVE_TERM_H)
#include <term.h>
#endif
#endif

int
main (void)
{

#ifndef vid_puts
long foo = (long)(&vid_puts);
fprintf(stderr, "testing linkage of vid_puts:%p\n", (void *)foo);
if (foo + 1234L > 5678L)
	return(foo != 0);
#endif

  ;
  return 0;
}
configure:16488: result: no
configure:16418: checking for vidputs
configure:16421: testing vidputs ...
configure:16463: gcc -o conftest -g -O2  -D_GNU_SOURCE -L/lib64  conftest.c -lform -lmenu -lpanel -lncurses >&5
configure:16466: $? = 0
configure:16469: test -s conftest
configure:16472: $? = 0
configure:16488: result: yes
configure:16418: checking for vsscanf
configure:16421: testing vsscanf ...
configure:16463: gcc -o conftest -g -O2  -D_GNU_SOURCE -L/lib64  conftest.c -lform -lmenu -lpanel -lncurses >&5
configure:16466: $? = 0
configure:16469: test -s conftest
configure:16472: $? = 0
configure:16488: result: yes
configure:16418: checking for vw_printw
configure:16421: testing vw_printw ...
configure:16463: gcc -o conftest -g -O2  -D_GNU_SOURCE -L/lib64  conftest.c -lform -lmenu -lpanel -lncurses >&5
configure:16466: $? = 0
configure:16469: test -s conftest
configure:16472: $? = 0
configure:16488: result: yes
configure:16418: checking for wchgat
configure:16421: testing wchgat ...
configure:16463: gcc -o conftest -g -O2  -D_GNU_SOURCE -L/lib64  conftest.c -lform -lmenu -lpanel -lncurses >&5
configure:16466: $? = 0
configure:16469: test -s conftest
configure:16472: $? = 0
configure:16488: result: yes
configure:16418: checking for winsdelln
configure:16421: testing winsdelln ...
configure:16463: gcc -o conftest -g -O2  -D_GNU_SOURCE -L/lib64  conftest.c -lform -lmenu -lpanel -lncurses >&5
configure:16466: $? = 0
configure:16469: test -s conftest
configure:16472: $? = 0
configure:16488: result: yes
configure:16418: checking for winsstr
configure:16421: testing winsstr ...
configure:16463: gcc -o conftest -g -O2  -D_GNU_SOURCE -L/lib64  conftest.c -lform -lmenu -lpanel -lncurses >&5
configure:16466: $? = 0
configure:16469: test -s conftest
configure:16472: $? = 0
configure:16488: result: yes
configure:16418: checking for wresize
configure:16421: testing wresize ...
configure:16463: gcc -o conftest -g -O2  -D_GNU_SOURCE -L/lib64  conftest.c -lform -lmenu -lpanel -lncurses >&5
configure:16466: $? = 0
configure:16469: test -s conftest
configure:16472: $? = 0
configure:16488: result: yes
configure:16418: checking for wsyncdown
configure:16421: testing wsyncdown ...
configure:16463: gcc -o conftest -g -O2  -D_GNU_SOURCE -L/lib64  conftest.c -lform -lmenu -lpanel -lncurses >&5
configure:16466: $? = 0
configure:16469: test -s conftest
configure:16472: $? = 0
configure:16488: result: yes
configure:16418: checking for _tracef
configure:16421: testing _tracef ...
configure:16463: gcc -o conftest -g -O2  -D_GNU_SOURCE -L/lib64  conftest.c -lform -lmenu -lpanel -lncurses >&5
/tmp/ccowwGvY.o: In function `main':
/home/hafeez/github/cppcollection/linux_programming/ncurses-examples-20180127/configure:16452: undefined reference to `_tracef'
/home/hafeez/github/cppcollection/linux_programming/ncurses-examples-20180127/configure:16453: undefined reference to `_tracef'
collect2: error: ld returned 1 exit status
configure:16466: $? = 1
configure: failed program was:
#line 16430 "configure"
#include "confdefs.h"

#ifdef HAVE_XCURSES
#include <xcurses.h>
char * XCursesProgramName = "test";
#else
#include <ncurses.h>
#if defined(NCURSES_VERSION) && defined(HAVE_NCURSESW_TERM_H)
#include <ncursesw/term.h>
#elif defined(NCURSES_VERSION) && defined(HAVE_NCURSES_TERM_H)
#include <ncurses/term.h>
#elif defined(HAVE_TERM_H)
#include <term.h>
#endif
#endif

int
main (void)
{

#ifndef _tracef
long foo = (long)(&_tracef);
fprintf(stderr, "testing linkage of _tracef:%p\n", (void *)foo);
if (foo + 1234L > 5678L)
	return(foo != 0);
#endif

  ;
  return 0;
}
configure:16488: result: no
configure:16503: checking for tputs
configure:16506: testing tputs ...
configure:16548: gcc -o conftest -g -O2  -D_GNU_SOURCE -L/lib64  conftest.c -lform -lmenu -lpanel -lncurses >&5
configure:16551: $? = 0
configure:16554: test -s conftest
configure:16557: $? = 0
configure:16573: result: yes
configure:16617: gcc -c -g -O2  -D_GNU_SOURCE conftest.c >&5
configure:16620: $? = 0
configure:16623: test -s conftest.o
configure:16626: $? = 0
configure:16631: testing prototype int func(int value) ...
configure:16651: checking for ncurses extended functions
configure:16673: gcc -c -g -O2  -D_GNU_SOURCE conftest.c >&5
configure:16676: $? = 0
configure:16679: test -s conftest.o
configure:16682: $? = 0
configure:16738: result: defined
configure:16752: checking if _XPG5 should be defined to enable wide-characters
configure:16769: gcc -c -g -O2  -D_GNU_SOURCE conftest.c >&5
configure: In function 'main':
configure:16762:9: error: '_XPG5' undeclared (first use in this function)
 {
         ^
configure:16762:9: note: each undeclared identifier is reported only once for each function it appears in
configure:16772: $? = 1
configure: failed program was:
#line 16756 "configure"
#include "confdefs.h"

#include <ncurses.h>
int
main (void)
{
int x = _XPG5
  ;
  return 0;
}
configure:16800: gcc -c -g -O2  -D_GNU_SOURCE -D_XPG5 conftest.c >&5
configure:16803: $? = 0
configure:16806: test -s conftest.o
configure:16809: $? = 0
configure:16820: result: yes
configure:16829: checking for wide-character functions
configure:16853: gcc -o conftest -g -O2  -D_GNU_SOURCE -D_XPG5 -L/lib64  conftest.c -lform -lmenu -lpanel -lncurses >&5
/tmp/ccqxTZrr.o: In function `main':
/home/hafeez/github/cppcollection/linux_programming/ncurses-examples-20180127/configure:16845: undefined reference to `setcchar'
collect2: error: ld returned 1 exit status
configure:16856: $? = 1
configure: failed program was:
#line 16836 "configure"
#include "confdefs.h"

#include <ncurses.h>
int
main (void)
{

		static wchar_t src_wchar[2];
		static cchar_t dst_cchar;
		setcchar(&dst_cchar, src_wchar, A_NORMAL, 0, (void *) 0);

  ;
  return 0;
}
configure:16873: result: no
configure:16894: checking if curses library uses pthreads
configure:16919: gcc -o conftest -g -O2  -D_GNU_SOURCE -D_XPG5 -L/lib64  conftest.c -lform -lmenu -lpanel -lncurses >&5
/tmp/cczvFyky.o: In function `main':
/home/hafeez/github/cppcollection/linux_programming/ncurses-examples-20180127/configure:16911: undefined reference to `_nc_init_pthreads'
collect2: error: ld returned 1 exit status
configure:16922: $? = 1
configure: failed program was:
#line 16901 "configure"
#include "confdefs.h"

#include <ncurses.h>
extern void _nc_init_pthreads(void);

int
main (void)
{

	initscr();
	_nc_init_pthreads();

  ;
  return 0;
}
configure:16939: result: no
configure:16945: checking if sys/time.h works with sys/select.h
configure:16972: gcc -c -g -O2  -D_GNU_SOURCE -D_XPG5 conftest.c >&5
configure:16975: $? = 0
configure:16978: test -s conftest.o
configure:16981: $? = 0
configure:16993: result: yes
configure:17002: checking for openpty in -lutil
configure:17029: gcc -o conftest -g -O2  -D_GNU_SOURCE -D_XPG5 -L/lib64  conftest.c -lutil  -lform -lmenu -lpanel -lncurses >&5
configure:17032: $? = 0
configure:17035: test -s conftest
configure:17038: $? = 0
configure:17049: result: yes
configure:17057: checking for openpty header
configure:17101: gcc -o conftest -g -O2  -D_GNU_SOURCE -D_XPG5 -L/lib64  conftest.c -lutil -lform -lmenu -lpanel -lncurses >&5
configure:17104: $? = 0
configure:17107: test -s conftest
configure:17110: $? = 0
configure:17128: result: pty.h
configure:17162: checking for function curses_version
configure:17185: gcc -o conftest -g -O2  -D_GNU_SOURCE -D_XPG5 -L/lib64  conftest.c -lform -lmenu -lpanel -lncurses >&5
configure:17188: $? = 0
configure:17190: ./conftest
configure:17193: $? = 0
configure:17208: result: yes
configure:17215: checking for alternate character set array
configure:17241: gcc -o conftest -g -O2  -D_GNU_SOURCE -D_XPG5 -L/lib64  conftest.c -lform -lmenu -lpanel -lncurses >&5
configure:17244: $? = 0
configure:17247: test -s conftest
configure:17250: $? = 0
configure:17261: result: acs_map
configure:17271: checking for wide alternate character set array
configure:17297: gcc -o conftest -g -O2  -D_GNU_SOURCE -D_XPG5 -L/lib64  conftest.c -lform -lmenu -lpanel -lncurses >&5
configure: In function 'main':
configure:17290:15: error: 'wacs_map' undeclared (first use in this function)
 {
               ^
configure:17290:15: note: each undeclared identifier is reported only once for each function it appears in
configure:17300: $? = 1
configure: failed program was:
#line 17281 "configure"
#include "confdefs.h"

#ifndef _XOPEN_SOURCE_EXTENDED
#define _XOPEN_SOURCE_EXTENDED
#endif
#include <ncurses.h>
int
main (void)
{
void *foo = &(wacs_map['k'])
  ;
  return 0;
}
configure:17297: gcc -o conftest -g -O2  -D_GNU_SOURCE -D_XPG5 -L/lib64  conftest.c -lform -lmenu -lpanel -lncurses >&5
configure: In function 'main':
configure:17290:15: error: '_wacs_map' undeclared (first use in this function)
 {
               ^
configure:17290:15: note: each undeclared identifier is reported only once for each function it appears in
configure:17300: $? = 1
configure: failed program was:
#line 17281 "configure"
#include "confdefs.h"

#ifndef _XOPEN_SOURCE_EXTENDED
#define _XOPEN_SOURCE_EXTENDED
#endif
#include <ncurses.h>
int
main (void)
{
void *foo = &(_wacs_map['k'])
  ;
  return 0;
}
configure:17297: gcc -o conftest -g -O2  -D_GNU_SOURCE -D_XPG5 -L/lib64  conftest.c -lform -lmenu -lpanel -lncurses >&5
configure: In function 'main':
configure:17290:15: error: '__wacs_map' undeclared (first use in this function)
 {
               ^
configure:17290:15: note: each undeclared identifier is reported only once for each function it appears in
configure:17300: $? = 1
configure: failed program was:
#line 17281 "configure"
#include "confdefs.h"

#ifndef _XOPEN_SOURCE_EXTENDED
#define _XOPEN_SOURCE_EXTENDED
#endif
#include <ncurses.h>
int
main (void)
{
void *foo = &(__wacs_map['k'])
  ;
  return 0;
}
configure:17297: gcc -o conftest -g -O2  -D_GNU_SOURCE -D_XPG5 -L/lib64  conftest.c -lform -lmenu -lpanel -lncurses >&5
configure:17300: $? = 0
configure:17303: test -s conftest
configure:17306: $? = 0
configure:17317: result: _nc_wacs
configure:17325: checking for wide alternate character constants
configure:17352: gcc -o conftest -g -O2  -D_GNU_SOURCE -D_XPG5 -L/lib64  conftest.c -lform -lmenu -lpanel -lncurses >&5
/tmp/cc7IJFGe.o: In function `main':
/home/hafeez/github/cppcollection/linux_programming/ncurses-examples-20180127/configure:17345: undefined reference to `_nc_wacs'
collect2: error: ld returned 1 exit status
configure:17355: $? = 1
configure: failed program was:
#line 17335 "configure"
#include "confdefs.h"

#ifndef _XOPEN_SOURCE_EXTENDED
#define _XOPEN_SOURCE_EXTENDED
#endif
#include <ncurses.h>
int
main (void)
{
cchar_t *foo = WACS_PLUS;
	 _nc_wacs['k'] = *WACS_PLUS
  ;
  return 0;
}
configure:17407: result: no
configure:17417: checking for type attr_t in ncurses.h
configure:17438: gcc -c -g -O2  -D_GNU_SOURCE -D_XPG5 conftest.c >&5
configure:17441: $? = 0
configure:17444: test -s conftest.o
configure:17447: $? = 0
configure:17456: result: yes
configure:17477: checking if we must include wchar.h to declare mbstate_t
configure:17502: gcc -c -g -O2  -D_GNU_SOURCE -D_XPG5 conftest.c >&5
configure: In function 'main':
configure:17495:1: error: unknown type name 'mbstate_t'
 {
 ^
configure:17505: $? = 1
configure: failed program was:
#line 17484 "configure"
#include "confdefs.h"

#include <stdlib.h>
#include <stdarg.h>
#include <stdio.h>
#ifdef HAVE_LIBUTF8_H
#include <libutf8.h>
#endif
int
main (void)
{
mbstate_t state
  ;
  return 0;
}
configure:17537: gcc -c -g -O2  -D_GNU_SOURCE -D_XPG5 conftest.c >&5
configure:17540: $? = 0
configure:17543: test -s conftest.o
configure:17546: $? = 0
configure:17558: result: yes
configure:17581: checking if we must include wchar.h to declare wchar_t
configure:17606: gcc -c -g -O2  -D_GNU_SOURCE -D_XPG5 conftest.c >&5
configure:17609: $? = 0
configure:17612: test -s conftest.o
configure:17615: $? = 0
configure:17662: result: no
configure:17685: checking if we must include wchar.h to declare wint_t
configure:17710: gcc -c -g -O2  -D_GNU_SOURCE -D_XPG5 conftest.c >&5
configure: In function 'main':
configure:17703:1: error: unknown type name 'wint_t'
 {
 ^
configure:17713: $? = 1
configure: failed program was:
#line 17692 "configure"
#include "confdefs.h"

#include <stdlib.h>
#include <stdarg.h>
#include <stdio.h>
#ifdef HAVE_LIBUTF8_H
#include <libutf8.h>
#endif
int
main (void)
{
wint_t state
  ;
  return 0;
}
configure:17745: gcc -c -g -O2  -D_GNU_SOURCE -D_XPG5 conftest.c >&5
configure:17748: $? = 0
configure:17751: test -s conftest.o
configure:17754: $? = 0
configure:17766: result: yes
configure:17979: checking for data curscr declaration in ncurses.h
configure:18011: gcc -c -g -O2  -D_GNU_SOURCE -D_XPG5 conftest.c >&5
configure:18014: $? = 0
configure:18017: test -s conftest.o
configure:18020: $? = 0
configure:18030: result: yes
configure:17979: checking for data ospeed declaration in ncurses.h
configure:18011: gcc -c -g -O2  -D_GNU_SOURCE -D_XPG5 conftest.c >&5
configure: In function 'main':
configure:18003:15: error: 'ospeed' undeclared (first use in this function)
 
               ^
configure:18003:15: note: each undeclared identifier is reported only once for each function it appears in
configure:18014: $? = 1
configure: failed program was:
#line 17983 "configure"
#include "confdefs.h"

#ifdef HAVE_XCURSES
#include <xcurses.h>
char * XCursesProgramName = "test";
#else
#include <ncurses.h>
#if defined(NCURSES_VERSION) && defined(HAVE_NCURSESW_TERM_H)
#include <ncursesw/term.h>
#elif defined(NCURSES_VERSION) && defined(HAVE_NCURSES_TERM_H)
#include <ncurses/term.h>
#elif defined(HAVE_TERM_H)
#include <term.h>
#endif
#endif

int
main (void)
{

void *foo = &(ospeed)

  ;
  return 0;
}
configure:18030: result: no
configure:18042: checking for data ospeed in library
configure:18129: gcc -o conftest -g -O2  -D_GNU_SOURCE -D_XPG5 -L/lib64  conftest.c -lform -lmenu -lpanel -lncurses >&5
configure:18132: $? = 0
configure:18134: ./conftest
testing linkage of ospeed:0x601030
configure:18137: $? = 0
configure:18149: result: yes
configure:17979: checking for data boolnames declaration in ncurses.h
configure:18011: gcc -c -g -O2  -D_GNU_SOURCE -D_XPG5 conftest.c >&5
configure:18014: $? = 0
configure:18017: test -s conftest.o
configure:18020: $? = 0
configure:18030: result: yes
configure:17979: checking for data boolfnames declaration in ncurses.h
configure:18011: gcc -c -g -O2  -D_GNU_SOURCE -D_XPG5 conftest.c >&5
configure:18014: $? = 0
configure:18017: test -s conftest.o
configure:18020: $? = 0
configure:18030: result: yes
configure:17979: checking for data ttytype declaration in ncurses.h
configure:18011: gcc -c -g -O2  -D_GNU_SOURCE -D_XPG5 conftest.c >&5
configure:18014: $? = 0
configure:18017: test -s conftest.o
configure:18020: $? = 0
configure:18030: result: yes
configure:18166: checking if you want to turn on gcc warnings
configure:18183: result: no
configure:18538: checking if you want to use dmalloc for testing
configure:18555: result: no
configure:18770: checking if you want to use dbmalloc for testing
configure:18787: result: no
configure:19002: checking if you want to use valgrind for testing
configure:19019: result: no
configure:19132: checking if you want to perform memory-leak testing
configure:19142: result: no
configure:19158: checking for an rpath option
configure:19189: result: -Wl,-rpath,
configure:19252: checking if rpath-hack should be disabled
configure:19269: result: no
configure:19273: checking for updated LDFLAGS
configure:19276: result: maybe
configure:19283: checking for ldd
configure:19298: found /bin/ldd
configure:19306: result: ldd
configure:19335: gcc -o conftest -g -O2  -D_GNU_SOURCE -D_XPG5 -L/lib64  conftest.c -lform -lmenu -lpanel -lncurses >&5
configure:19338: $? = 0
configure:19341: test -s conftest
configure:19344: $? = 0
configure:19384: testing ...checking EXTRA_LDFLAGS  ...
configure:19388: testing ...checking LDFLAGS -L/lib64  ...
configure:19438: testing ...checked LDFLAGS  -L/lib64 ...
configure:19442: testing ...checking LIBS -lform -lmenu -lpanel -lncurses ...
configure:19492: testing ...checked LIBS  -lform -lmenu -lpanel -lncurses ...
configure:19496: testing ...checked EXTRA_LDFLAGS  ...
configure:19589: creating ./config.status

## ----------------------- ##
## Running config.status.  ##
## ----------------------- ##

This file was extended by config.status 2.52.20170501, executed with
  CONFIG_FILES    = 
  CONFIG_HEADERS  = 
  CONFIG_LINKS    = 
  CONFIG_COMMANDS = 
  > ./config.status 
on centos7localdev

config.status:20129: creating Makefile
config.status:20282: creating ncurses_cfg.h

## ----------------- ##
## Cache variables.  ##
## ----------------- ##

ac_cv_build=x86_64-pc-linux-gnu
ac_cv_build_alias=x86_64-pc-linux-gnu
ac_cv_c_compiler_gnu=yes
ac_cv_c_inline=inline
ac_cv_env_CC_set=
ac_cv_env_CC_value=
ac_cv_env_CFLAGS_set=
ac_cv_env_CFLAGS_value=
ac_cv_env_CPPFLAGS_set=
ac_cv_env_CPPFLAGS_value=
ac_cv_env_CPP_set=
ac_cv_env_CPP_value=
ac_cv_env_LDFLAGS_set=
ac_cv_env_LDFLAGS_value=
ac_cv_env_build_alias_set=
ac_cv_env_build_alias_value=
ac_cv_env_host_alias_set=
ac_cv_env_host_alias_value=
ac_cv_env_target_alias_set=
ac_cv_env_target_alias_value=
ac_cv_func_getopt=yes
ac_cv_func_gettimeofday=yes
ac_cv_func_mblen=yes
ac_cv_func_mbrlen=yes
ac_cv_func_mbrtowc=yes
ac_cv_func_mbsrtowcs=yes
ac_cv_func_mbstowcs=yes
ac_cv_func_mbtowc=yes
ac_cv_func_tdestroy=yes
ac_cv_func_tgoto=no
ac_cv_func_tsearch=yes
ac_cv_func_wcsrtombs=yes
ac_cv_func_wcstombs=yes
ac_cv_header_form_h=yes
ac_cv_header_getopt_h=yes
ac_cv_header_locale_h=yes
ac_cv_header_math_h=yes
ac_cv_header_menu_h=yes
ac_cv_header_ncurses_h=yes
ac_cv_header_panel_h=yes
ac_cv_header_stdarg_h=yes
ac_cv_header_stdc=yes
ac_cv_header_stdint_h=yes
ac_cv_header_sys_ioctl_h=yes
ac_cv_header_sys_select_h=yes
ac_cv_header_sys_time_h=yes
ac_cv_header_termios_h=yes
ac_cv_header_time=yes
ac_cv_header_unistd_h=yes
ac_cv_host=x86_64-pc-linux-gnu
ac_cv_host_alias=x86_64-pc-linux-gnu
ac_cv_lib_form___form_driver=yes
ac_cv_lib_menu___menu_driver=yes
ac_cv_lib_ncurses____nc_init_pthreads=no
ac_cv_lib_ncurses___tgoto=yes
ac_cv_lib_panel___new_panel=yes
ac_cv_lib_util_openpty=yes
ac_cv_objext=o
ac_cv_path_ac_pt_PKG_CONFIG=/bin/pkg-config
ac_cv_path_install='/bin/install -c'
ac_cv_prog_AWK=gawk
ac_cv_prog_CPP='gcc -E'
ac_cv_prog_CTAGS=ctags
ac_cv_prog_MAKE_LOWER_TAGS=yes
ac_cv_prog_MAKE_UPPER_TAGS=no
ac_cv_prog_ac_ct_CC=gcc
ac_cv_prog_cc_g=yes
ac_cv_prog_cc_stdc=
ac_cv_prog_cf_ldd_prog=ldd
ac_cv_prog_make_make_set=yes
am_cv_langinfo_codeset=yes
cf_cv_abi_version=
cf_cv_curses_acs_map=acs_map
cf_cv_curses_dir=no
cf_cv_curses_incdir=no
cf_cv_curses_wacs_map=_nc_wacs
cf_cv_curses_wacs_symbols=no
cf_cv_default_source=no
cf_cv_define_sigwinch=yes
cf_cv_func__tracef=no
cf_cv_func_alloc_pair=no
cf_cv_func_assume_default_colors=yes
cf_cv_func_chgat=yes
cf_cv_func_color_content=yes
cf_cv_func_color_set=yes
cf_cv_func_copywin=yes
cf_cv_func_curses_version=yes
cf_cv_func_delscreen=yes
cf_cv_func_dupwin=yes
cf_cv_func_filter=yes
cf_cv_func_getbegx=yes
cf_cv_func_getcurx=yes
cf_cv_func_getmaxx=yes
cf_cv_func_getnstr=yes
cf_cv_func_getparx=yes
cf_cv_func_getwin=yes
cf_cv_func_halfdelay=yes
cf_cv_func_init_extended_color=no
cf_cv_func_mvderwin=yes
cf_cv_func_mvvline=yes
cf_cv_func_mvwin=yes
cf_cv_func_mvwvline=yes
cf_cv_func_napms=yes
cf_cv_func_newpad=yes
cf_cv_func_openpty=pty.h
cf_cv_func_putwin=yes
cf_cv_func_reset_color_pairs=no
cf_cv_func_resize_term=yes
cf_cv_func_resizeterm=yes
cf_cv_func_restartterm=yes
cf_cv_func_ripoffline=yes
cf_cv_func_scr_dump=yes
cf_cv_func_setupterm=yes
cf_cv_func_slk_color=yes
cf_cv_func_slk_init=yes
cf_cv_func_termattrs=yes
cf_cv_func_tgetent=yes
cf_cv_func_tigetnum=yes
cf_cv_func_tigetstr=yes
cf_cv_func_tputs=yes
cf_cv_func_tputs_sp=no
cf_cv_func_typeahead=yes
cf_cv_func_use_default_colors=yes
cf_cv_func_use_env=yes
cf_cv_func_use_extended_names=yes
cf_cv_func_use_screen=yes
cf_cv_func_use_window=yes
cf_cv_func_vid_puts=no
cf_cv_func_vidputs=yes
cf_cv_func_vsscanf=yes
cf_cv_func_vw_printw=yes
cf_cv_func_wchgat=yes
cf_cv_func_winsdelln=yes
cf_cv_func_winsstr=yes
cf_cv_func_wresize=yes
cf_cv_func_wsyncdown=yes
cf_cv_getopt_header=unistd.h
cf_cv_gnu_source=yes
cf_cv_have_termcap_h=yes
cf_cv_lib_util=yes
cf_cv_libtype=
cf_cv_mbstate_t=yes
cf_cv_mixedcase=yes
cf_cv_ncurses_ext_funcs=defined
cf_cv_ncurses_header=ncurses.h
cf_cv_ncurses_pthreads=no
cf_cv_ncurses_version=5.9.20130511
cf_cv_need_libm=yes
cf_cv_need_xopen_extension=none
cf_cv_netbsd_form_h=no
cf_cv_netbsd_menu_h=no
cf_cv_rel_version=
cf_cv_screen=curses
cf_cv_sig_atomic_t='volatile sig_atomic_t'
cf_cv_sys_time_select=yes
cf_cv_system_name=linux-gnu
cf_cv_term_header=term.h
cf_cv_unctrl_header=unctrl.h
cf_cv_use_pthreads=no
cf_cv_wchar_t=no
cf_cv_widechar_funcs=no
cf_cv_wint_t=yes

## ------------ ##
## confdefs.h.  ##
## ------------ ##

#define SYSTEM_NAME "linux-gnu"
#define MIXEDCASE_FILENAMES 1
#define GCC_SCANF 1
#define GCC_SCANF 1
#define GCC_SCANFLIKE(fmt,var) __attribute__((format(scanf,fmt,var)))
#define GCC_PRINTF 1
#define GCC_PRINTF 1
#define GCC_PRINTFLIKE(fmt,var) __attribute__((format(printf,fmt,var)))
#define GCC_UNUSED __attribute__((unused))
#define GCC_UNUSED __attribute__((unused))
#define GCC_NORETURN __attribute__((noreturn))
#define GCC_NORETURN __attribute__((noreturn))
#define SIG_ATOMIC_T volatile sig_atomic_t
#define HAVE_LANGINFO_CODESET 1
#define HAVE_NCURSES_H 1
#define HAVE_TERM_H 1
#define NCURSES 1
#define RGB_PATH "/usr/share/X11/rgb.txt"
#define HAVE_LIBPANEL 1
#define HAVE_LIBMENU 1
#define HAVE_LIBFORM 1
#define HAVE_PANEL_H 1
#define HAVE_MENU_H 1
#define HAVE_FORM_H 1
#define STDC_HEADERS 1
#define TIME_WITH_SYS_TIME 1
#define HAVE_GETOPT_H 1
#define HAVE_LOCALE_H 1
#define HAVE_MATH_H 1
#define HAVE_STDARG_H 1
#define HAVE_STDINT_H 1
#define HAVE_SYS_IOCTL_H 1
#define HAVE_SYS_SELECT_H 1
#define HAVE_SYS_TIME_H 1
#define HAVE_TERMIOS_H 1
#define HAVE_UNISTD_H 1
#define HAVE_UNISTD_H 1
#define HAVE_GETOPT_H 1
#define HAVE_GETOPT_HEADER 1
#define HAVE_GETOPT 1
#define HAVE_GETTIMEOFDAY 1
#define HAVE_TDESTROY 1
#define HAVE_TSEARCH 1
#define HAVE_TERMCAP_H 1
#define HAVE_MBLEN 1
#define HAVE_MBRLEN 1
#define HAVE_MBRTOWC 1
#define HAVE_MBSRTOWCS 1
#define HAVE_MBSTOWCS 1
#define HAVE_MBTOWC 1
#define HAVE_WCSRTOMBS 1
#define HAVE_WCSTOMBS 1
#define HAVE_TERM_H 1
#define HAVE_UNCTRL_H 1
#define HAVE_ASSUME_DEFAULT_COLORS 1
#define HAVE_CHGAT 1
#define HAVE_COLOR_CONTENT 1
#define HAVE_COLOR_SET 1
#define HAVE_COPYWIN 1
#define HAVE_DELSCREEN 1
#define HAVE_DUPWIN 1
#define HAVE_FILTER 1
#define HAVE_GETBEGX 1
#define HAVE_GETCURX 1
#define HAVE_GETMAXX 1
#define HAVE_GETNSTR 1
#define HAVE_GETPARX 1
#define HAVE_GETWIN 1
#define HAVE_HALFDELAY 1
#define HAVE_MVDERWIN 1
#define HAVE_MVVLINE 1
#define HAVE_MVWIN 1
#define HAVE_MVWVLINE 1
#define HAVE_NAPMS 1
#define HAVE_NEWPAD 1
#define HAVE_PUTWIN 1
#define HAVE_RESIZE_TERM 1
#define HAVE_RESIZETERM 1
#define HAVE_RESTARTTERM 1
#define HAVE_RIPOFFLINE 1
#define HAVE_SCR_DUMP 1
#define HAVE_SETUPTERM 1
#define HAVE_SLK_COLOR 1
#define HAVE_SLK_INIT 1
#define HAVE_TERMATTRS 1
#define HAVE_TGETENT 1
#define HAVE_TIGETNUM 1
#define HAVE_TIGETSTR 1
#define HAVE_TYPEAHEAD 1
#define HAVE_USE_DEFAULT_COLORS 1
#define HAVE_USE_ENV 1
#define HAVE_USE_EXTENDED_NAMES 1
#define HAVE_USE_SCREEN 1
#define HAVE_USE_WINDOW 1
#define HAVE_VIDPUTS 1
#define HAVE_VSSCANF 1
#define HAVE_VW_PRINTW 1
#define HAVE_WCHGAT 1
#define HAVE_WINSDELLN 1
#define HAVE_WINSSTR 1
#define HAVE_WRESIZE 1
#define HAVE_WSYNCDOWN 1
#define HAVE_TPUTS 1
#define TPUTS_ARG               int
#define TPUTS_PROTO(func,value) int func(TPUTS_ARG value)
#define TPUTS_RETURN(value)     return value
#define USE_WIDEC_SUPPORT 0
#define HAVE_SYS_TIME_SELECT 1
#define USE_OPENPTY_HEADER <pty.h>
#define USE_XTERM_PTY 1
#define HAVE_CURSES_VERSION 1
#define CURSES_ACS_ARRAY acs_map
#define CURSES_WACS_ARRAY _nc_wacs
#define HAVE_TYPE_ATTR_T 1
#define NEED_WCHAR_H 1
#define NEED_WCHAR_H 1
#define HAVE_CURSES_DATA_CURSCR 1
#define DECL_CURSES_DATA_OSPEED 1
#define HAVE_CURSES_DATA_BOOLNAMES 1
#define HAVE_CURSES_DATA_BOOLFNAMES 1
#define HAVE_CURSES_DATA_TTYTYPE 1


configure: exit 0
